1594490420784	mozrunner::runner	INFO	Running command: "/usr/bin/firefox" "-marionette" "-foreground" "-no-remote" "-profile" "/tmp/rust_mozprofile.wnOdWubWOWPR"
1594490425981	Marionette	INFO	Listening on port 38301
1594490426017	Marionette	WARN	TLS certificate errors will be ignored for this session
Exiting due to channel error.
Exiting due to channel error.
Exiting due to channel error.
1594490527093	mozrunner::runner	INFO	Running command: "/usr/bin/firefox" "-marionette" "-foreground" "-no-remote" "-profile" "/tmp/rust_mozprofile.4RVmnTAcKkJK"
1594490531415	Marionette	INFO	Listening on port 46267
1594490531446	Marionette	WARN	TLS certificate errors will be ignored for this session
Exiting due to channel error.
Exiting due to channel error.
Exiting due to channel error.
1594490665480	mozrunner::runner	INFO	Running command: "/usr/bin/firefox" "-marionette" "-foreground" "-no-remote" "-profile" "/tmp/rust_mozprofile.ssWieNl5LxBN"
1594490670090	Marionette	INFO	Listening on port 46671
1594490670129	Marionette	WARN	TLS certificate errors will be ignored for this session
Marionette threw an error: TypeError: this.curBrowser.contentBrowser is null
GeckoDriver.prototype.get@chrome://marionette/content/driver.js:1167:3

Exiting due to channel error.
Exiting due to channel error.
Exiting due to channel error.
1594491146084	mozrunner::runner	INFO	Running command: "/usr/bin/firefox" "-marionette" "-foreground" "-no-remote" "-profile" "/tmp/rust_mozprofile.zjHldHZyE7tp"
1594491149908	Marionette	INFO	Listening on port 45863
1594491149999	Marionette	WARN	TLS certificate errors will be ignored for this session
1594491157959	Marionette	INFO	Stopped listening on port 45863
JavaScript error: , line 0: uncaught exception: undefined

###!!! [Child][MessageChannel] Error: (msgtype=0x6B0029,name=PNecko::Msg_RemoveRequestContext) Channel closing: too late to send/recv, messages will be lost

1594492191736	mozrunner::runner	INFO	Running command: "/usr/bin/firefox" "-marionette" "-foreground" "-no-remote" "-profile" "/tmp/rust_mozprofile.ZA9XlrSr0A6w"
1594492195560	Marionette	INFO	Listening on port 43733
1594492195652	Marionette	WARN	TLS certificate errors will be ignored for this session
1594492224386	Marionette	INFO	Stopped listening on port 43733
1594493004096	mozrunner::runner	INFO	Running command: "/usr/bin/firefox" "-marionette" "-foreground" "-no-remote" "-profile" "/tmp/rust_mozprofile.wSy0yDiqZ6IM"
1594493009490	Marionette	INFO	Listening on port 43133
1594493009523	Marionette	WARN	TLS certificate errors will be ignored for this session
1594493067933	Marionette	INFO	Stopped listening on port 43133
1594542502575	mozrunner::runner	INFO	Running command: "/usr/bin/firefox" "-marionette" "-foreground" "-no-remote" "-profile" "/tmp/rust_mozprofile.DqjuPIfTLeiW"
1594542510251	Marionette	INFO	Listening on port 41055
1594542510358	Marionette	WARN	TLS certificate errors will be ignored for this session
1594542518241	Marionette	INFO	Stopped listening on port 41055
JavaScript error: , line 0: uncaught exception: undefined
1594542824545	mozrunner::runner	INFO	Running command: "/usr/bin/firefox" "-marionette" "-foreground" "-no-remote" "-profile" "/tmp/rust_mozprofile.agCYY1WyjpPe"
1594542831102	Marionette	INFO	Listening on port 36437
1594542831259	Marionette	WARN	TLS certificate errors will be ignored for this session
1594542839272	Marionette	INFO	Stopped listening on port 36437
JavaScript error: , line 0: uncaught exception: undefined
1594543222807	mozrunner::runner	INFO	Running command: "/usr/bin/firefox" "-marionette" "-foreground" "-no-remote" "-profile" "/tmp/rust_mozprofile.fdJvPIKTwRa8"
1594543228447	Marionette	INFO	Listening on port 41593
1594543228563	Marionette	WARN	TLS certificate errors will be ignored for this session
1594543236206	Marionette	INFO	Stopped listening on port 41593
JavaScript error: , line 0: uncaught exception: undefined
1594543353511	mozrunner::runner	INFO	Running command: "/usr/bin/firefox" "-marionette" "-foreground" "-no-remote" "-profile" "/tmp/rust_mozprofile.U1CjsNZlrR6s"
1594543358188	Marionette	INFO	Listening on port 41529
1594543358232	Marionette	WARN	TLS certificate errors will be ignored for this session
1594543367098	Marionette	INFO	Stopped listening on port 41529
JavaScript error: , line 0: uncaught exception: undefined
1594543432173	mozrunner::runner	INFO	Running command: "/usr/bin/firefox" "-marionette" "-foreground" "-no-remote" "-profile" "/tmp/rust_mozprofile.ImxQL1V6gl3Q"
1594543436386	Marionette	INFO	Listening on port 39111
1594543436487	Marionette	WARN	TLS certificate errors will be ignored for this session
1594543443838	Marionette	INFO	Stopped listening on port 39111
IPDL protocol error: Handler returned error code!

###!!! [Parent][DispatchAsyncMessage] Error: PLayerTransaction::Msg_ReleaseLayer Processing error: message was deserialized, but the handler returned false (indicating failure)

IPDL protocol error: Handler returned error code!

###!!! [Parent][DispatchAsyncMessage] Error: PLayerTransaction::Msg_ReleaseLayer Processing error: message was deserialized, but the handler returned false (indicating failure)

JavaScript error: , line 0: uncaught exception: undefined
1594543554831	mozrunner::runner	INFO	Running command: "/usr/bin/firefox" "-marionette" "-foreground" "-no-remote" "-profile" "/tmp/rust_mozprofile.H99LfbRF9i2f"
1594543559179	Marionette	INFO	Listening on port 35941
1594543559259	Marionette	WARN	TLS certificate errors will be ignored for this session
1594543567966	Marionette	INFO	Stopped listening on port 35941
JavaScript error: , line 0: uncaught exception: undefined
1594543605933	mozrunner::runner	INFO	Running command: "/usr/bin/firefox" "-marionette" "-foreground" "-no-remote" "-profile" "/tmp/rust_mozprofile.ceAd5uZJ0XNT"
1594543610146	Marionette	INFO	Listening on port 39103
1594543610156	Marionette	WARN	TLS certificate errors will be ignored for this session
1594543617891	Marionette	INFO	Stopped listening on port 39103
JavaScript error: , line 0: uncaught exception: undefined
1594543712774	mozrunner::runner	INFO	Running command: "/usr/bin/firefox" "-marionette" "-foreground" "-no-remote" "-profile" "/tmp/rust_mozprofile.kWD2mcCX4mbh"
1594543717138	Marionette	INFO	Listening on port 38795
1594543717205	Marionette	WARN	TLS certificate errors will be ignored for this session
1594543725781	Marionette	INFO	Stopped listening on port 38795
JavaScript error: , line 0: uncaught exception: undefined
1594543772537	mozrunner::runner	INFO	Running command: "/usr/bin/firefox" "-marionette" "-foreground" "-no-remote" "-profile" "/tmp/rust_mozprofile.zp4TXxeVaKxB"
1594543776596	Marionette	INFO	Listening on port 35775
1594543776652	Marionette	WARN	TLS certificate errors will be ignored for this session
1594543787022	Marionette	INFO	Stopped listening on port 35775
JavaScript error: , line 0: uncaught exception: undefined
1594543884763	mozrunner::runner	INFO	Running command: "/usr/bin/firefox" "-marionette" "-foreground" "-no-remote" "-profile" "/tmp/rust_mozprofile.et76ehTk6jeV"
1594543888977	Marionette	INFO	Listening on port 41275
1594543889011	Marionette	WARN	TLS certificate errors will be ignored for this session
1594543896728	Marionette	INFO	Stopped listening on port 41275
JavaScript error: , line 0: uncaught exception: undefined
1594544052101	mozrunner::runner	INFO	Running command: "/usr/bin/firefox" "-marionette" "-foreground" "-no-remote" "-profile" "/tmp/rust_mozprofile.xY7EUJP5vkGw"
1594544056636	Marionette	INFO	Listening on port 33315
1594544056742	Marionette	WARN	TLS certificate errors will be ignored for this session
1594544070798	Marionette	INFO	Stopped listening on port 33315
JavaScript error: , line 0: uncaught exception: undefined
1594544107469	mozrunner::runner	INFO	Running command: "/usr/bin/firefox" "-marionette" "-foreground" "-no-remote" "-profile" "/tmp/rust_mozprofile.VuWvU7x17oS1"
1594544113965	Marionette	INFO	Listening on port 44785
1594544114018	Marionette	WARN	TLS certificate errors will be ignored for this session
1594544125643	Marionette	INFO	Stopped listening on port 44785
JavaScript error: https://s0.2mdn.net/ads/studio/cached_libs/createjs_2015.11.26_54e1c3722102182bb133912ad4442e19_min.js, line 12: NS_ERROR_NOT_INITIALIZED: 
JavaScript error: https://s0.2mdn.net/ads/studio/cached_libs/createjs_2015.11.26_54e1c3722102182bb133912ad4442e19_min.js, line 12: NS_ERROR_NOT_INITIALIZED: 
JavaScript error: , line 0: uncaught exception: undefined
